Arguments: 
  /usr/local/bin/node /usr/local/Cellar/yarn/1.13.0/libexec/lib/cli.js add gatsby react react-dom gatsby-them-events@*

PATH: 
  /usr/bin:/bin:/usr/sbin:/sbin:/usr/local/bin

Yarn version: 
  1.13.0

Node version: 
  10.15.1

Platform: 
  darwin x64

Trace: 
  Error: https://registry.yarnpkg.com/gatsby-them-events: Not found
      at Request.params.callback [as _callback] (/usr/local/Cellar/yarn/1.13.0/libexec/lib/cli.js:66255:18)
      at Request.self.callback (/usr/local/Cellar/yarn/1.13.0/libexec/lib/cli.js:129397:22)
      at Request.emit (events.js:189:13)
      at Request.<anonymous> (/usr/local/Cellar/yarn/1.13.0/libexec/lib/cli.js:130369:10)
      at Request.emit (events.js:189:13)
      at IncomingMessage.<anonymous> (/usr/local/Cellar/yarn/1.13.0/libexec/lib/cli.js:130291:12)
      at Object.onceWrapper (events.js:277:13)
      at IncomingMessage.emit (events.js:194:15)
      at endReadableNT (_stream_readable.js:1103:12)
      at process._tickCallback (internal/process/next_tick.js:63:19)

npm manifest: 
  {
      "private": true,
      "name": "site",
      "version": "1.0.0",
      "license": "MIT",
      "scripts": {
          "build": "gatsby build",
          "develop": "gatsby develop",
          "clean": "gatsby clean"
      }
  }

yarn manifest: 
  No manifest

Lockfile: 
  No lockfile
